This file contains any messages produced by compilers while
running configure, to aid debugging if configure makes a mistake.

It was created by libcmaes configure 0.9.5, which was
generated by GNU Autoconf 2.69.  Invocation command line was

  $ ./configure 

## --------- ##
## Platform. ##
## --------- ##

hostname = OnsEieRekenaar
uname -m = x86_64
uname -r = 3.13.0-76-generic
uname -s = Linux
uname -v = #120-Ubuntu SMP Mon Jan 18 15:59:10 UTC 2016

/usr/bin/uname -p = unknown
/bin/uname -X     = unknown

/bin/arch              = unknown
/usr/bin/arch -k       = unknown
/usr/convex/getsysinfo = unknown
/usr/bin/hostinfo      = unknown
/bin/machine           = unknown
/usr/bin/oslevel       = unknown
/bin/universe          = unknown

PATH: /usr/local/sbin
PATH: /usr/local/bin
PATH: /usr/sbin
PATH: /usr/bin
PATH: /sbin
PATH: /bin
PATH: /usr/games
PATH: /usr/local/games


## ----------- ##
## Core tests. ##
## ----------- ##

configure:2425: libcmaes 0.9.5
configure:2473: checking for a BSD-compatible install
configure:2541: result: /usr/bin/install -c
configure:2552: checking whether build environment is sane
configure:2607: result: yes
configure:2758: checking for a thread-safe mkdir -p
configure:2797: result: /bin/mkdir -p
configure:2804: checking for gawk
configure:2820: found /usr/bin/gawk
configure:2831: result: gawk
configure:2842: checking whether make sets $(MAKE)
configure:2864: result: yes
configure:2893: checking whether make supports nested variables
configure:2910: result: yes
configure:3049: checking build system type
configure:3063: result: x86_64-unknown-linux-gnu
configure:3083: checking host system type
configure:3096: result: x86_64-unknown-linux-gnu
configure:3171: checking for clang++
configure:3201: result: no
configure:3171: checking for g++
configure:3187: found /usr/bin/g++
configure:3198: result: g++
configure:3229: checking for C compiler version
configure:3238: g++ --version >&5
g++ (Ubuntu 4.8.4-2ubuntu1~14.04) 4.8.4
Copyright (C) 2013 Free Software Foundation, Inc.
This is free software; see the source for copying conditions.  There is NO
warranty; not even for MERCHANTABILITY or FITNESS FOR A PARTICULAR PURPOSE.

configure:3249: $? = 0
configure:3238: g++ -v >&5
Using built-in specs.
COLLECT_GCC=g++
COLLECT_LTO_WRAPPER=/usr/lib/gcc/x86_64-linux-gnu/4.8/lto-wrapper
Target: x86_64-linux-gnu
Configured with: ../src/configure -v --with-pkgversion='Ubuntu 4.8.4-2ubuntu1~14.04' --with-bugurl=file:///usr/share/doc/gcc-4.8/README.Bugs --enable-languages=c,c++,java,go,d,fortran,objc,obj-c++ --prefix=/usr --program-suffix=-4.8 --enable-shared --enable-linker-build-id --libexecdir=/usr/lib --without-included-gettext --enable-threads=posix --with-gxx-include-dir=/usr/include/c++/4.8 --libdir=/usr/lib --enable-nls --with-sysroot=/ --enable-clocale=gnu --enable-libstdcxx-debug --enable-libstdcxx-time=yes --enable-gnu-unique-object --disable-libmudflap --enable-plugin --with-system-zlib --disable-browser-plugin --enable-java-awt=gtk --enable-gtk-cairo --with-java-home=/usr/lib/jvm/java-1.5.0-gcj-4.8-amd64/jre --enable-java-home --with-jvm-root-dir=/usr/lib/jvm/java-1.5.0-gcj-4.8-amd64 --with-jvm-jar-dir=/usr/lib/jvm-exports/java-1.5.0-gcj-4.8-amd64 --with-arch-directory=amd64 --with-ecj-jar=/usr/share/java/eclipse-ecj.jar --enable-objc-gc --enable-multiarch --disable-werror --with-arch-32=i686 --with-abi=m64 --with-multilib-list=m32,m64,mx32 --with-tune=generic --enable-checking=release --build=x86_64-linux-gnu --host=x86_64-linux-gnu --target=x86_64-linux-gnu
Thread model: posix
gcc version 4.8.4 (Ubuntu 4.8.4-2ubuntu1~14.04) 
configure:3249: $? = 0
configure:3238: g++ -V >&5
g++: error: unrecognized command line option '-V'
g++: fatal error: no input files
compilation terminated.
configure:3249: $? = 4
configure:3238: g++ -qversion >&5
g++: error: unrecognized command line option '-qversion'
g++: fatal error: no input files
compilation terminated.
configure:3249: $? = 4
configure:3269: checking whether the C compiler works
configure:3291: g++    conftest.c  >&5
configure:3295: $? = 0
configure:3343: result: yes
configure:3346: checking for C compiler default output file name
configure:3348: result: a.out
configure:3354: checking for suffix of executables
configure:3361: g++ -o conftest    conftest.c  >&5
configure:3365: $? = 0
configure:3387: result: 
configure:3409: checking whether we are cross compiling
configure:3417: g++ -o conftest    conftest.c  >&5
configure:3421: $? = 0
configure:3428: ./conftest
configure:3432: $? = 0
configure:3447: result: no
configure:3452: checking for suffix of object files
configure:3474: g++ -c   conftest.c >&5
configure:3478: $? = 0
configure:3499: result: o
configure:3503: checking whether we are using the GNU C compiler
configure:3522: g++ -c   conftest.c >&5
configure:3522: $? = 0
configure:3531: result: yes
configure:3540: checking whether g++ accepts -g
configure:3560: g++ -c -g  conftest.c >&5
configure:3560: $? = 0
configure:3601: result: yes
configure:3618: checking for g++ option to accept ISO C89
configure:3681: g++  -c -g -O2  conftest.c >&5
conftest.c:17:17: error: 'p' was not declared in this scope
 static char *e (p, i)
                 ^
conftest.c:17:20: error: 'i' was not declared in this scope
 static char *e (p, i)
                    ^
conftest.c:17:21: error: expression list treated as compound expression in initializer [-fpermissive]
 static char *e (p, i)
                     ^
conftest.c:18:6: error: expected ',' or ';' before 'char'
      char **p;
      ^
conftest.c:20:1: error: expected unqualified-id before '{' token
 {
 ^
conftest.c: In function 'int main()':
conftest.c:56:21: error: cannot convert 'char*' to 'char* (*)(char**, int)' for argument '1' to 'char* f(char* (*)(char**, int), char**, ...)'
 return f (e, argv, 0) != argv[0]  ||  f (e, argv, 1) != argv[1];
                     ^
conftest.c:56:52: error: cannot convert 'char*' to 'char* (*)(char**, int)' for argument '1' to 'char* f(char* (*)(char**, int), char**, ...)'
 return f (e, argv, 0) != argv[0]  ||  f (e, argv, 1) != argv[1];
                                                    ^
configure:3681: $? = 1
configure: failed program was:
| /* confdefs.h */
| #define PACKAGE_NAME "libcmaes"
| #define PACKAGE_TARNAME "libcmaes"
| #define PACKAGE_VERSION "0.9.5"
| #define PACKAGE_STRING "libcmaes 0.9.5"
| #define PACKAGE_BUGREPORT ""
| #define PACKAGE_URL ""
| #define PACKAGE "libcmaes"
| #define VERSION "0.9.5"
| /* end confdefs.h.  */
| #include <stdarg.h>
| #include <stdio.h>
| struct stat;
| /* Most of the following tests are stolen from RCS 5.7's src/conf.sh.  */
| struct buf { int x; };
| FILE * (*rcsopen) (struct buf *, struct stat *, int);
| static char *e (p, i)
|      char **p;
|      int i;
| {
|   return p[i];
| }
| static char *f (char * (*g) (char **, int), char **p, ...)
| {
|   char *s;
|   va_list v;
|   va_start (v,p);
|   s = g (p, va_arg (v,int));
|   va_end (v);
|   return s;
| }
| 
| /* OSF 4.0 Compaq cc is some sort of almost-ANSI by default.  It has
|    function prototypes and stuff, but not '\xHH' hex character constants.
|    These don't provoke an error unfortunately, instead are silently treated
|    as 'x'.  The following induces an error, until -std is added to get
|    proper ANSI mode.  Curiously '\x00'!='x' always comes out true, for an
|    array size at least.  It's necessary to write '\x00'==0 to get something
|    that's true only with -std.  */
| int osf4_cc_array ['\x00' == 0 ? 1 : -1];
| 
| /* IBM C 6 for AIX is almost-ANSI by default, but it replaces macro parameters
|    inside strings and character constants.  */
| #define FOO(x) 'x'
| int xlc6_cc_array[FOO(a) == 'x' ? 1 : -1];
| 
| int test (int i, double x);
| struct s1 {int (*f) (int a);};
| struct s2 {int (*f) (double a);};
| int pairnames (int, char **, FILE *(*)(struct buf *, struct stat *, int), int, int);
| int argc;
| char **argv;
| int
| main ()
| {
| return f (e, argv, 0) != argv[0]  ||  f (e, argv, 1) != argv[1];
|   ;
|   return 0;
| }
configure:3681: g++ -qlanglvl=extc89 -c -g -O2  conftest.c >&5
g++: error: unrecognized command line option '-qlanglvl=extc89'
configure:3681: $? = 1
configure: failed program was:
| /* confdefs.h */
| #define PACKAGE_NAME "libcmaes"
| #define PACKAGE_TARNAME "libcmaes"
| #define PACKAGE_VERSION "0.9.5"
| #define PACKAGE_STRING "libcmaes 0.9.5"
| #define PACKAGE_BUGREPORT ""
| #define PACKAGE_URL ""
| #define PACKAGE "libcmaes"
| #define VERSION "0.9.5"
| /* end confdefs.h.  */
| #include <stdarg.h>
| #include <stdio.h>
| struct stat;
| /* Most of the following tests are stolen from RCS 5.7's src/conf.sh.  */
| struct buf { int x; };
| FILE * (*rcsopen) (struct buf *, struct stat *, int);
| static char *e (p, i)
|      char **p;
|      int i;
| {
|   return p[i];
| }
| static char *f (char * (*g) (char **, int), char **p, ...)
| {
|   char *s;
|   va_list v;
|   va_start (v,p);
|   s = g (p, va_arg (v,int));
|   va_end (v);
|   return s;
| }
| 
| /* OSF 4.0 Compaq cc is some sort of almost-ANSI by default.  It has
|    function prototypes and stuff, but not '\xHH' hex character constants.
|    These don't provoke an error unfortunately, instead are silently treated
|    as 'x'.  The following induces an error, until -std is added to get
|    proper ANSI mode.  Curiously '\x00'!='x' always comes out true, for an
|    array size at least.  It's necessary to write '\x00'==0 to get something
|    that's true only with -std.  */
| int osf4_cc_array ['\x00' == 0 ? 1 : -1];
| 
| /* IBM C 6 for AIX is almost-ANSI by default, but it replaces macro parameters
|    inside strings and character constants.  */
| #define FOO(x) 'x'
| int xlc6_cc_array[FOO(a) == 'x' ? 1 : -1];
| 
| int test (int i, double x);
| struct s1 {int (*f) (int a);};
| struct s2 {int (*f) (double a);};
| int pairnames (int, char **, FILE *(*)(struct buf *, struct stat *, int), int, int);
| int argc;
| char **argv;
| int
| main ()
| {
| return f (e, argv, 0) != argv[0]  ||  f (e, argv, 1) != argv[1];
|   ;
|   return 0;
| }
configure:3681: g++ -qlanglvl=ansi -c -g -O2  conftest.c >&5
g++: error: unrecognized command line option '-qlanglvl=ansi'
configure:3681: $? = 1
configure: failed program was:
| /* confdefs.h */
| #define PACKAGE_NAME "libcmaes"
| #define PACKAGE_TARNAME "libcmaes"
| #define PACKAGE_VERSION "0.9.5"
| #define PACKAGE_STRING "libcmaes 0.9.5"
| #define PACKAGE_BUGREPORT ""
| #define PACKAGE_URL ""
| #define PACKAGE "libcmaes"
| #define VERSION "0.9.5"
| /* end confdefs.h.  */
| #include <stdarg.h>
| #include <stdio.h>
| struct stat;
| /* Most of the following tests are stolen from RCS 5.7's src/conf.sh.  */
| struct buf { int x; };
| FILE * (*rcsopen) (struct buf *, struct stat *, int);
| static char *e (p, i)
|      char **p;
|      int i;
| {
|   return p[i];
| }
| static char *f (char * (*g) (char **, int), char **p, ...)
| {
|   char *s;
|   va_list v;
|   va_start (v,p);
|   s = g (p, va_arg (v,int));
|   va_end (v);
|   return s;
| }
| 
| /* OSF 4.0 Compaq cc is some sort of almost-ANSI by default.  It has
|    function prototypes and stuff, but not '\xHH' hex character constants.
|    These don't provoke an error unfortunately, instead are silently treated
|    as 'x'.  The following induces an error, until -std is added to get
|    proper ANSI mode.  Curiously '\x00'!='x' always comes out true, for an
|    array size at least.  It's necessary to write '\x00'==0 to get something
|    that's true only with -std.  */
| int osf4_cc_array ['\x00' == 0 ? 1 : -1];
| 
| /* IBM C 6 for AIX is almost-ANSI by default, but it replaces macro parameters
|    inside strings and character constants.  */
| #define FOO(x) 'x'
| int xlc6_cc_array[FOO(a) == 'x' ? 1 : -1];
| 
| int test (int i, double x);
| struct s1 {int (*f) (int a);};
| struct s2 {int (*f) (double a);};
| int pairnames (int, char **, FILE *(*)(struct buf *, struct stat *, int), int, int);
| int argc;
| char **argv;
| int
| main ()
| {
| return f (e, argv, 0) != argv[0]  ||  f (e, argv, 1) != argv[1];
|   ;
|   return 0;
| }
configure:3681: g++ -std -c -g -O2  conftest.c >&5
g++: error: unrecognized command line option '-std'
configure:3681: $? = 1
configure: failed program was:
| /* confdefs.h */
| #define PACKAGE_NAME "libcmaes"
| #define PACKAGE_TARNAME "libcmaes"
| #define PACKAGE_VERSION "0.9.5"
| #define PACKAGE_STRING "libcmaes 0.9.5"
| #define PACKAGE_BUGREPORT ""
| #define PACKAGE_URL ""
| #define PACKAGE "libcmaes"
| #define VERSION "0.9.5"
| /* end confdefs.h.  */
| #include <stdarg.h>
| #include <stdio.h>
| struct stat;
| /* Most of the following tests are stolen from RCS 5.7's src/conf.sh.  */
| struct buf { int x; };
| FILE * (*rcsopen) (struct buf *, struct stat *, int);
| static char *e (p, i)
|      char **p;
|      int i;
| {
|   return p[i];
| }
| static char *f (char * (*g) (char **, int), char **p, ...)
| {
|   char *s;
|   va_list v;
|   va_start (v,p);
|   s = g (p, va_arg (v,int));
|   va_end (v);
|   return s;
| }
| 
| /* OSF 4.0 Compaq cc is some sort of almost-ANSI by default.  It has
|    function prototypes and stuff, but not '\xHH' hex character constants.
|    These don't provoke an error unfortunately, instead are silently treated
|    as 'x'.  The following induces an error, until -std is added to get
|    proper ANSI mode.  Curiously '\x00'!='x' always comes out true, for an
|    array size at least.  It's necessary to write '\x00'==0 to get something
|    that's true only with -std.  */
| int osf4_cc_array ['\x00' == 0 ? 1 : -1];
| 
| /* IBM C 6 for AIX is almost-ANSI by default, but it replaces macro parameters
|    inside strings and character constants.  */
| #define FOO(x) 'x'
| int xlc6_cc_array[FOO(a) == 'x' ? 1 : -1];
| 
| int test (int i, double x);
| struct s1 {int (*f) (int a);};
| struct s2 {int (*f) (double a);};
| int pairnames (int, char **, FILE *(*)(struct buf *, struct stat *, int), int, int);
| int argc;
| char **argv;
| int
| main ()
| {
| return f (e, argv, 0) != argv[0]  ||  f (e, argv, 1) != argv[1];
|   ;
|   return 0;
| }
configure:3681: g++ -Ae -c -g -O2  conftest.c >&5
<command-line>:0:1: error: missing '(' after predicate
conftest.c:17:17: error: 'p' was not declared in this scope
 static char *e (p, i)
                 ^
conftest.c:17:20: error: 'i' was not declared in this scope
 static char *e (p, i)
                    ^
conftest.c:17:21: error: expression list treated as compound expression in initializer [-fpermissive]
 static char *e (p, i)
                     ^
conftest.c:18:6: error: expected ',' or ';' before 'char'
      char **p;
      ^
conftest.c:20:1: error: expected unqualified-id before '{' token
 {
 ^
conftest.c: In function 'int main()':
conftest.c:56:21: error: cannot convert 'char*' to 'char* (*)(char**, int)' for argument '1' to 'char* f(char* (*)(char**, int), char**, ...)'
 return f (e, argv, 0) != argv[0]  ||  f (e, argv, 1) != argv[1];
                     ^
conftest.c:56:52: error: cannot convert 'char*' to 'char* (*)(char**, int)' for argument '1' to 'char* f(char* (*)(char**, int), char**, ...)'
 return f (e, argv, 0) != argv[0]  ||  f (e, argv, 1) != argv[1];
                                                    ^
configure:3681: $? = 1
configure: failed program was:
| /* confdefs.h */
| #define PACKAGE_NAME "libcmaes"
| #define PACKAGE_TARNAME "libcmaes"
| #define PACKAGE_VERSION "0.9.5"
| #define PACKAGE_STRING "libcmaes 0.9.5"
| #define PACKAGE_BUGREPORT ""
| #define PACKAGE_URL ""
| #define PACKAGE "libcmaes"
| #define VERSION "0.9.5"
| /* end confdefs.h.  */
| #include <stdarg.h>
| #include <stdio.h>
| struct stat;
| /* Most of the following tests are stolen from RCS 5.7's src/conf.sh.  */
| struct buf { int x; };
| FILE * (*rcsopen) (struct buf *, struct stat *, int);
| static char *e (p, i)
|      char **p;
|      int i;
| {
|   return p[i];
| }
| static char *f (char * (*g) (char **, int), char **p, ...)
| {
|   char *s;
|   va_list v;
|   va_start (v,p);
|   s = g (p, va_arg (v,int));
|   va_end (v);
|   return s;
| }
| 
| /* OSF 4.0 Compaq cc is some sort of almost-ANSI by default.  It has
|    function prototypes and stuff, but not '\xHH' hex character constants.
|    These don't provoke an error unfortunately, instead are silently treated
|    as 'x'.  The following induces an error, until -std is added to get
|    proper ANSI mode.  Curiously '\x00'!='x' always comes out true, for an
|    array size at least.  It's necessary to write '\x00'==0 to get something
|    that's true only with -std.  */
| int osf4_cc_array ['\x00' == 0 ? 1 : -1];
| 
| /* IBM C 6 for AIX is almost-ANSI by default, but it replaces macro parameters
|    inside strings and character constants.  */
| #define FOO(x) 'x'
| int xlc6_cc_array[FOO(a) == 'x' ? 1 : -1];
| 
| int test (int i, double x);
| struct s1 {int (*f) (int a);};
| struct s2 {int (*f) (double a);};
| int pairnames (int, char **, FILE *(*)(struct buf *, struct stat *, int), int, int);
| int argc;
| char **argv;
| int
| main ()
| {
| return f (e, argv, 0) != argv[0]  ||  f (e, argv, 1) != argv[1];
|   ;
|   return 0;
| }
configure:3681: g++ -Aa -D_HPUX_SOURCE -c -g -O2  conftest.c >&5
<command-line>:0:1: error: missing '(' after predicate
conftest.c:17:17: error: 'p' was not declared in this scope
 static char *e (p, i)
                 ^
conftest.c:17:20: error: 'i' was not declared in this scope
 static char *e (p, i)
                    ^
conftest.c:17:21: error: expression list treated as compound expression in initializer [-fpermissive]
 static char *e (p, i)
                     ^
conftest.c:18:6: error: expected ',' or ';' before 'char'
      char **p;
      ^
conftest.c:20:1: error: expected unqualified-id before '{' token
 {
 ^
conftest.c: In function 'int main()':
conftest.c:56:21: error: cannot convert 'char*' to 'char* (*)(char**, int)' for argument '1' to 'char* f(char* (*)(char**, int), char**, ...)'
 return f (e, argv, 0) != argv[0]  ||  f (e, argv, 1) != argv[1];
                     ^
conftest.c:56:52: error: cannot convert 'char*' to 'char* (*)(char**, int)' for argument '1' to 'char* f(char* (*)(char**, int), char**, ...)'
 return f (e, argv, 0) != argv[0]  ||  f (e, argv, 1) != argv[1];
                                                    ^
configure:3681: $? = 1
configure: failed program was:
| /* confdefs.h */
| #define PACKAGE_NAME "libcmaes"
| #define PACKAGE_TARNAME "libcmaes"
| #define PACKAGE_VERSION "0.9.5"
| #define PACKAGE_STRING "libcmaes 0.9.5"
| #define PACKAGE_BUGREPORT ""
| #define PACKAGE_URL ""
| #define PACKAGE "libcmaes"
| #define VERSION "0.9.5"
| /* end confdefs.h.  */
| #include <stdarg.h>
| #include <stdio.h>
| struct stat;
| /* Most of the following tests are stolen from RCS 5.7's src/conf.sh.  */
| struct buf { int x; };
| FILE * (*rcsopen) (struct buf *, struct stat *, int);
| static char *e (p, i)
|      char **p;
|      int i;
| {
|   return p[i];
| }
| static char *f (char * (*g) (char **, int), char **p, ...)
| {
|   char *s;
|   va_list v;
|   va_start (v,p);
|   s = g (p, va_arg (v,int));
|   va_end (v);
|   return s;
| }
| 
| /* OSF 4.0 Compaq cc is some sort of almost-ANSI by default.  It has
|    function prototypes and stuff, but not '\xHH' hex character constants.
|    These don't provoke an error unfortunately, instead are silently treated
|    as 'x'.  The following induces an error, until -std is added to get
|    proper ANSI mode.  Curiously '\x00'!='x' always comes out true, for an
|    array size at least.  It's necessary to write '\x00'==0 to get something
|    that's true only with -std.  */
| int osf4_cc_array ['\x00' == 0 ? 1 : -1];
| 
| /* IBM C 6 for AIX is almost-ANSI by default, but it replaces macro parameters
|    inside strings and character constants.  */
| #define FOO(x) 'x'
| int xlc6_cc_array[FOO(a) == 'x' ? 1 : -1];
| 
| int test (int i, double x);
| struct s1 {int (*f) (int a);};
| struct s2 {int (*f) (double a);};
| int pairnames (int, char **, FILE *(*)(struct buf *, struct stat *, int), int, int);
| int argc;
| char **argv;
| int
| main ()
| {
| return f (e, argv, 0) != argv[0]  ||  f (e, argv, 1) != argv[1];
|   ;
|   return 0;
| }
configure:3681: g++ -Xc -D__EXTENSIONS__ -c -g -O2  conftest.c >&5
g++: error: unrecognized command line option '-Xc'
configure:3681: $? = 1
configure: failed program was:
| /* confdefs.h */
| #define PACKAGE_NAME "libcmaes"
| #define PACKAGE_TARNAME "libcmaes"
| #define PACKAGE_VERSION "0.9.5"
| #define PACKAGE_STRING "libcmaes 0.9.5"
| #define PACKAGE_BUGREPORT ""
| #define PACKAGE_URL ""
| #define PACKAGE "libcmaes"
| #define VERSION "0.9.5"
| /* end confdefs.h.  */
| #include <stdarg.h>
| #include <stdio.h>
| struct stat;
| /* Most of the following tests are stolen from RCS 5.7's src/conf.sh.  */
| struct buf { int x; };
| FILE * (*rcsopen) (struct buf *, struct stat *, int);
| static char *e (p, i)
|      char **p;
|      int i;
| {
|   return p[i];
| }
| static char *f (char * (*g) (char **, int), char **p, ...)
| {
|   char *s;
|   va_list v;
|   va_start (v,p);
|   s = g (p, va_arg (v,int));
|   va_end (v);
|   return s;
| }
| 
| /* OSF 4.0 Compaq cc is some sort of almost-ANSI by default.  It has
|    function prototypes and stuff, but not '\xHH' hex character constants.
|    These don't provoke an error unfortunately, instead are silently treated
|    as 'x'.  The following induces an error, until -std is added to get
|    proper ANSI mode.  Curiously '\x00'!='x' always comes out true, for an
|    array size at least.  It's necessary to write '\x00'==0 to get something
|    that's true only with -std.  */
| int osf4_cc_array ['\x00' == 0 ? 1 : -1];
| 
| /* IBM C 6 for AIX is almost-ANSI by default, but it replaces macro parameters
|    inside strings and character constants.  */
| #define FOO(x) 'x'
| int xlc6_cc_array[FOO(a) == 'x' ? 1 : -1];
| 
| int test (int i, double x);
| struct s1 {int (*f) (int a);};
| struct s2 {int (*f) (double a);};
| int pairnames (int, char **, FILE *(*)(struct buf *, struct stat *, int), int, int);
| int argc;
| char **argv;
| int
| main ()
| {
| return f (e, argv, 0) != argv[0]  ||  f (e, argv, 1) != argv[1];
|   ;
|   return 0;
| }
configure:3697: result: unsupported
configure:3719: checking whether g++ understands -c and -o together
configure:3741: g++ -c conftest.c -o conftest2.o
configure:3744: $? = 0
configure:3741: g++ -c conftest.c -o conftest2.o
configure:3744: $? = 0
configure:3756: result: yes
configure:3784: checking for style of include used by make
configure:3812: result: GNU
configure:3838: checking dependency style of g++
configure:3949: result: gcc3
configure:4022: checking for clang++
configure:4052: result: no
configure:4022: checking for g++
configure:4038: found /usr/bin/g++
configure:4049: result: g++
configure:4076: checking for C++ compiler version
configure:4085: g++ --version >&5
g++ (Ubuntu 4.8.4-2ubuntu1~14.04) 4.8.4
Copyright (C) 2013 Free Software Foundation, Inc.
This is free software; see the source for copying conditions.  There is NO
warranty; not even for MERCHANTABILITY or FITNESS FOR A PARTICULAR PURPOSE.

configure:4096: $? = 0
configure:4085: g++ -v >&5
Using built-in specs.
COLLECT_GCC=g++
COLLECT_LTO_WRAPPER=/usr/lib/gcc/x86_64-linux-gnu/4.8/lto-wrapper
Target: x86_64-linux-gnu
Configured with: ../src/configure -v --with-pkgversion='Ubuntu 4.8.4-2ubuntu1~14.04' --with-bugurl=file:///usr/share/doc/gcc-4.8/README.Bugs --enable-languages=c,c++,java,go,d,fortran,objc,obj-c++ --prefix=/usr --program-suffix=-4.8 --enable-shared --enable-linker-build-id --libexecdir=/usr/lib --without-included-gettext --enable-threads=posix --with-gxx-include-dir=/usr/include/c++/4.8 --libdir=/usr/lib --enable-nls --with-sysroot=/ --enable-clocale=gnu --enable-libstdcxx-debug --enable-libstdcxx-time=yes --enable-gnu-unique-object --disable-libmudflap --enable-plugin --with-system-zlib --disable-browser-plugin --enable-java-awt=gtk --enable-gtk-cairo --with-java-home=/usr/lib/jvm/java-1.5.0-gcj-4.8-amd64/jre --enable-java-home --with-jvm-root-dir=/usr/lib/jvm/java-1.5.0-gcj-4.8-amd64 --with-jvm-jar-dir=/usr/lib/jvm-exports/java-1.5.0-gcj-4.8-amd64 --with-arch-directory=amd64 --with-ecj-jar=/usr/share/java/eclipse-ecj.jar --enable-objc-gc --enable-multiarch --disable-werror --with-arch-32=i686 --with-abi=m64 --with-multilib-list=m32,m64,mx32 --with-tune=generic --enable-checking=release --build=x86_64-linux-gnu --host=x86_64-linux-gnu --target=x86_64-linux-gnu
Thread model: posix
gcc version 4.8.4 (Ubuntu 4.8.4-2ubuntu1~14.04) 
configure:4096: $? = 0
configure:4085: g++ -V >&5
g++: error: unrecognized command line option '-V'
g++: fatal error: no input files
compilation terminated.
configure:4096: $? = 4
configure:4085: g++ -qversion >&5
g++: error: unrecognized command line option '-qversion'
g++: fatal error: no input files
compilation terminated.
configure:4096: $? = 4
configure:4100: checking whether we are using the GNU C++ compiler
configure:4119: g++ -c   conftest.cpp >&5
configure:4119: $? = 0
configure:4128: result: yes
configure:4137: checking whether g++ accepts -g
configure:4157: g++ -c -g  conftest.cpp >&5
configure:4157: $? = 0
configure:4198: result: yes
configure:4223: checking dependency style of g++
configure:4334: result: gcc3
configure:4404: checking how to print strings
configure:4431: result: printf
configure:4452: checking for a sed that does not truncate output
configure:4516: result: /bin/sed
configure:4534: checking for grep that handles long lines and -e
configure:4592: result: /bin/grep
configure:4597: checking for egrep
configure:4659: result: /bin/grep -E
configure:4664: checking for fgrep
configure:4726: result: /bin/grep -F
configure:4761: checking for ld used by g++
configure:4828: result: /usr/bin/ld
configure:4835: checking if the linker (/usr/bin/ld) is GNU ld
configure:4850: result: yes
configure:4862: checking for BSD- or MS-compatible name lister (nm)
configure:4911: result: /usr/bin/nm -B
configure:5041: checking the name lister (/usr/bin/nm -B) interface
configure:5048: g++ -c -g -O2  conftest.c >&5
configure:5051: /usr/bin/nm -B "conftest.o"
configure:5054: output
0000000000000000 B some_variable
configure:5061: result: BSD nm
configure:5064: checking whether ln -s works
configure:5068: result: yes
configure:5076: checking the maximum length of command line arguments
configure:5207: result: 1572864
configure:5224: checking whether the shell understands some XSI constructs
configure:5234: result: yes
configure:5238: checking whether the shell understands "+="
configure:5244: result: yes
configure:5279: checking how to convert x86_64-unknown-linux-gnu file names to x86_64-unknown-linux-gnu format
configure:5319: result: func_convert_file_noop
configure:5326: checking how to convert x86_64-unknown-linux-gnu file names to toolchain format
configure:5346: result: func_convert_file_noop
configure:5353: checking for /usr/bin/ld option to reload object files
configure:5360: result: -r
configure:5434: checking for objdump
configure:5450: found /usr/bin/objdump
configure:5461: result: objdump
configure:5493: checking how to recognize dependent libraries
configure:5691: result: pass_all
configure:5776: checking for dlltool
configure:5806: result: no
configure:5836: checking how to associate runtime and link libraries
configure:5863: result: printf %s\n
configure:5924: checking for ar
configure:5940: found /usr/bin/ar
configure:5951: result: ar
configure:5988: checking for archiver @FILE support
configure:6005: g++ -c -g -O2  conftest.c >&5
configure:6005: $? = 0
configure:6008: ar cru libconftest.a @conftest.lst >&5
configure:6011: $? = 0
configure:6016: ar cru libconftest.a @conftest.lst >&5
ar: conftest.o: No such file or directory
configure:6019: $? = 1
configure:6031: result: @
configure:6089: checking for strip
configure:6105: found /usr/bin/strip
configure:6116: result: strip
configure:6188: checking for ranlib
configure:6204: found /usr/bin/ranlib
configure:6215: result: ranlib
configure:6317: checking command to parse /usr/bin/nm -B output from g++ object
configure:6437: g++ -c -g -O2  conftest.c >&5
configure:6440: $? = 0
configure:6444: /usr/bin/nm -B conftest.o \| sed -n -e 's/^.*[ ]\([ABCDGIRSTW][ABCDGIRSTW]*\)[ ][ ]*\([_A-Za-z][_A-Za-z0-9]*\)$/\1 \2 \2/p' | sed '/ __gnu_lto/d' \> conftest.nm
configure:6447: $? = 0
configure:6513: g++ -o conftest -g -O2   conftest.c conftstm.o >&5
configure:6516: $? = 0
configure:6554: result: ok
configure:6591: checking for sysroot
configure:6621: result: no
configure:6698: g++ -c -g -O2  conftest.c >&5
configure:6701: $? = 0
configure:6890: checking for mt
configure:6906: found /bin/mt
configure:6917: result: mt
configure:6940: checking if mt is a manifest tool
configure:6946: mt '-?'
configure:6954: result: no
configure:7596: checking how to run the C preprocessor
configure:7627: g++ -E  conftest.c
configure:7627: $? = 0
configure:7641: g++ -E  conftest.c
conftest.c:11:28: fatal error: ac_nonexistent.h: No such file or directory
 #include <ac_nonexistent.h>
                            ^
compilation terminated.
configure:7641: $? = 1
configure: failed program was:
| /* confdefs.h */
| #define PACKAGE_NAME "libcmaes"
| #define PACKAGE_TARNAME "libcmaes"
| #define PACKAGE_VERSION "0.9.5"
| #define PACKAGE_STRING "libcmaes 0.9.5"
| #define PACKAGE_BUGREPORT ""
| #define PACKAGE_URL ""
| #define PACKAGE "libcmaes"
| #define VERSION "0.9.5"
| /* end confdefs.h.  */
| #include <ac_nonexistent.h>
configure:7666: result: g++ -E
configure:7686: g++ -E  conftest.c
configure:7686: $? = 0
configure:7700: g++ -E  conftest.c
conftest.c:11:28: fatal error: ac_nonexistent.h: No such file or directory
 #include <ac_nonexistent.h>
                            ^
compilation terminated.
configure:7700: $? = 1
configure: failed program was:
| /* confdefs.h */
| #define PACKAGE_NAME "libcmaes"
| #define PACKAGE_TARNAME "libcmaes"
| #define PACKAGE_VERSION "0.9.5"
| #define PACKAGE_STRING "libcmaes 0.9.5"
| #define PACKAGE_BUGREPORT ""
| #define PACKAGE_URL ""
| #define PACKAGE "libcmaes"
| #define VERSION "0.9.5"
| /* end confdefs.h.  */
| #include <ac_nonexistent.h>
configure:7729: checking for ANSI C header files
configure:7749: g++ -c -g -O2  conftest.c >&5
configure:7749: $? = 0
configure:7822: g++ -o conftest -g -O2   conftest.c  >&5
configure:7822: $? = 0
configure:7822: ./conftest
configure:7822: $? = 0
configure:7833: result: yes
configure:7846: checking for sys/types.h
configure:7846: g++ -c -g -O2  conftest.c >&5
configure:7846: $? = 0
configure:7846: result: yes
configure:7846: checking for sys/stat.h
configure:7846: g++ -c -g -O2  conftest.c >&5
configure:7846: $? = 0
configure:7846: result: yes
configure:7846: checking for stdlib.h
configure:7846: g++ -c -g -O2  conftest.c >&5
configure:7846: $? = 0
configure:7846: result: yes
configure:7846: checking for string.h
configure:7846: g++ -c -g -O2  conftest.c >&5
configure:7846: $? = 0
configure:7846: result: yes
configure:7846: checking for memory.h
configure:7846: g++ -c -g -O2  conftest.c >&5
configure:7846: $? = 0
configure:7846: result: yes
configure:7846: checking for strings.h
configure:7846: g++ -c -g -O2  conftest.c >&5
configure:7846: $? = 0
configure:7846: result: yes
configure:7846: checking for inttypes.h
configure:7846: g++ -c -g -O2  conftest.c >&5
configure:7846: $? = 0
configure:7846: result: yes
configure:7846: checking for stdint.h
configure:7846: g++ -c -g -O2  conftest.c >&5
configure:7846: $? = 0
configure:7846: result: yes
configure:7846: checking for unistd.h
configure:7846: g++ -c -g -O2  conftest.c >&5
configure:7846: $? = 0
configure:7846: result: yes
configure:7860: checking for dlfcn.h
configure:7860: g++ -c -g -O2  conftest.c >&5
configure:7860: $? = 0
configure:7860: result: yes
configure:8077: checking for objdir
configure:8092: result: .libs
configure:8359: checking if g++ supports -fno-rtti -fno-exceptions
configure:8377: g++ -c -g -O2  -fno-rtti -fno-exceptions conftest.c >&5
configure:8381: $? = 0
configure:8394: result: yes
configure:8721: checking for g++ option to produce PIC
configure:8728: result: -fPIC -DPIC
configure:8736: checking if g++ PIC flag -fPIC -DPIC works
configure:8754: g++ -c -g -O2  -fPIC -DPIC -DPIC conftest.c >&5
configure:8758: $? = 0
configure:8771: result: yes
configure:8800: checking if g++ static flag -static works
configure:8828: result: yes
configure:8843: checking if g++ supports -c -o file.o
configure:8864: g++ -c -g -O2  -o out/conftest2.o conftest.c >&5
configure:8868: $? = 0
configure:8890: result: yes
configure:8898: checking if g++ supports -c -o file.o
configure:8945: result: yes
configure:8978: checking whether the g++ linker (/usr/bin/ld -m elf_x86_64) supports shared libraries
configure:10135: result: yes
configure:10172: checking whether -lc should be explicitly linked in
configure:10180: g++ -c -g -O2  conftest.c >&5
configure:10183: $? = 0
configure:10198: g++ -shared  -fPIC -DPIC conftest.o  -v -Wl,-soname -Wl,conftest -o conftest 2\>\&1 \| /bin/grep  -lc  \>/dev/null 2\>\&1
configure:10201: $? = 0
configure:10215: result: no
configure:10375: checking dynamic linker characteristics
configure:10875: g++ -o conftest -g -O2   -Wl,-rpath -Wl,/foo conftest.c  >&5
configure:10875: $? = 0
configure:11109: result: GNU/Linux ld.so
configure:11216: checking how to hardcode library paths into programs
configure:11241: result: immediate
configure:11781: checking whether stripping libraries is possible
configure:11786: result: yes
configure:11821: checking if libtool supports shared libraries
configure:11823: result: yes
configure:11826: checking whether to build shared libraries
configure:11847: result: yes
configure:11850: checking whether to build static libraries
configure:11854: result: yes
configure:11877: checking how to run the C++ preprocessor
configure:11904: g++ -E  conftest.cpp
configure:11904: $? = 0
configure:11918: g++ -E  conftest.cpp
conftest.cpp:23:28: fatal error: ac_nonexistent.h: No such file or directory
 #include <ac_nonexistent.h>
                            ^
compilation terminated.
configure:11918: $? = 1
configure: failed program was:
| /* confdefs.h */
| #define PACKAGE_NAME "libcmaes"
| #define PACKAGE_TARNAME "libcmaes"
| #define PACKAGE_VERSION "0.9.5"
| #define PACKAGE_STRING "libcmaes 0.9.5"
| #define PACKAGE_BUGREPORT ""
| #define PACKAGE_URL ""
| #define PACKAGE "libcmaes"
| #define VERSION "0.9.5"
| #define STDC_HEADERS 1
| #define HAVE_SYS_TYPES_H 1
| #define HAVE_SYS_STAT_H 1
| #define HAVE_STDLIB_H 1
| #define HAVE_STRING_H 1
| #define HAVE_MEMORY_H 1
| #define HAVE_STRINGS_H 1
| #define HAVE_INTTYPES_H 1
| #define HAVE_STDINT_H 1
| #define HAVE_UNISTD_H 1
| #define HAVE_DLFCN_H 1
| #define LT_OBJDIR ".libs/"
| /* end confdefs.h.  */
| #include <ac_nonexistent.h>
configure:11943: result: g++ -E
configure:11963: g++ -E  conftest.cpp
configure:11963: $? = 0
configure:11977: g++ -E  conftest.cpp
conftest.cpp:23:28: fatal error: ac_nonexistent.h: No such file or directory
 #include <ac_nonexistent.h>
                            ^
compilation terminated.
configure:11977: $? = 1
configure: failed program was:
| /* confdefs.h */
| #define PACKAGE_NAME "libcmaes"
| #define PACKAGE_TARNAME "libcmaes"
| #define PACKAGE_VERSION "0.9.5"
| #define PACKAGE_STRING "libcmaes 0.9.5"
| #define PACKAGE_BUGREPORT ""
| #define PACKAGE_URL ""
| #define PACKAGE "libcmaes"
| #define VERSION "0.9.5"
| #define STDC_HEADERS 1
| #define HAVE_SYS_TYPES_H 1
| #define HAVE_SYS_STAT_H 1
| #define HAVE_STDLIB_H 1
| #define HAVE_STRING_H 1
| #define HAVE_MEMORY_H 1
| #define HAVE_STRINGS_H 1
| #define HAVE_INTTYPES_H 1
| #define HAVE_STDINT_H 1
| #define HAVE_UNISTD_H 1
| #define HAVE_DLFCN_H 1
| #define LT_OBJDIR ".libs/"
| /* end confdefs.h.  */
| #include <ac_nonexistent.h>
configure:12146: checking for ld used by g++
configure:12213: result: /usr/bin/ld -m elf_x86_64
configure:12220: checking if the linker (/usr/bin/ld -m elf_x86_64) is GNU ld
configure:12235: result: yes
configure:12290: checking whether the g++ linker (/usr/bin/ld -m elf_x86_64) supports shared libraries
configure:13292: result: yes
configure:13328: g++ -c -g -O2  conftest.cpp >&5
configure:13331: $? = 0
configure:13851: checking for g++ option to produce PIC
configure:13858: result: -fPIC -DPIC
configure:13866: checking if g++ PIC flag -fPIC -DPIC works
configure:13884: g++ -c -g -O2  -fPIC -DPIC -DPIC conftest.cpp >&5
configure:13888: $? = 0
configure:13901: result: yes
configure:13924: checking if g++ static flag -static works
configure:13952: result: yes
configure:13964: checking if g++ supports -c -o file.o
configure:13985: g++ -c -g -O2  -o out/conftest2.o conftest.cpp >&5
configure:13989: $? = 0
configure:14011: result: yes
configure:14016: checking if g++ supports -c -o file.o
configure:14063: result: yes
configure:14093: checking whether the g++ linker (/usr/bin/ld -m elf_x86_64) supports shared libraries
configure:14132: result: yes
configure:14273: checking dynamic linker characteristics
configure:14941: result: GNU/Linux ld.so
configure:14994: checking how to hardcode library paths into programs
configure:15019: result: immediate
configure:15130: checking whether g++ supports C++11 features by default
configure:15164: g++ -c -g -O2  conftest.cpp >&5
conftest.cpp:27:21: error: expected identifier before 'sizeof'
       static_assert(sizeof(int) <= sizeof(T), "not big enough");
                     ^
conftest.cpp:27:21: error: expected ',' or '...' before 'sizeof'
conftest.cpp:27:63: error: ISO C++ forbids declaration of 'static_assert' with no type [-fpermissive]
       static_assert(sizeof(int) <= sizeof(T), "not big enough");
                                                               ^
conftest.cpp:34:20: warning: override controls (override/final) only available with -std=c++11 or -std=gnu++11 [enabled by default]
     virtual void f() override {}
                    ^
conftest.cpp:37:29: error: '>>' should be '> >' within a nested template argument list
     typedef check<check<bool>> right_angle_brackets;
                             ^
conftest.cpp:40:13: error: expected constructor, destructor, or type conversion before '(' token
     decltype(a) b;
             ^
conftest.cpp:44:15: error: expected unqualified-id before '&&' token
     check_type&& cr = static_cast<check_type&&>(c);
               ^
conftest.cpp:46:10: error: 'd' does not name a type
     auto d = a;
          ^
conftest.cpp:47:10: error: 'l' does not name a type
     auto l = [](){};
          ^
configure:15164: $? = 1
configure: failed program was:
| /* confdefs.h */
| #define PACKAGE_NAME "libcmaes"
| #define PACKAGE_TARNAME "libcmaes"
| #define PACKAGE_VERSION "0.9.5"
| #define PACKAGE_STRING "libcmaes 0.9.5"
| #define PACKAGE_BUGREPORT ""
| #define PACKAGE_URL ""
| #define PACKAGE "libcmaes"
| #define VERSION "0.9.5"
| #define STDC_HEADERS 1
| #define HAVE_SYS_TYPES_H 1
| #define HAVE_SYS_STAT_H 1
| #define HAVE_STDLIB_H 1
| #define HAVE_STRING_H 1
| #define HAVE_MEMORY_H 1
| #define HAVE_STRINGS_H 1
| #define HAVE_INTTYPES_H 1
| #define HAVE_STDINT_H 1
| #define HAVE_UNISTD_H 1
| #define HAVE_DLFCN_H 1
| #define LT_OBJDIR ".libs/"
| /* end confdefs.h.  */
| 
|   template <typename T>
|     struct check
|     {
|       static_assert(sizeof(int) <= sizeof(T), "not big enough");
|     };
| 
|     struct Base {
|     virtual void f() {}
|     };
|     struct Child : public Base {
|     virtual void f() override {}
|     };
| 
|     typedef check<check<bool>> right_angle_brackets;
| 
|     int a;
|     decltype(a) b;
| 
|     typedef check<int> check_type;
|     check_type c;
|     check_type&& cr = static_cast<check_type&&>(c);
| 
|     auto d = a;
|     auto l = [](){};
| 
configure:15171: result: no
configure:15180: checking whether g++ supports C++11 features with -std=gnu++11
configure:15216: g++ -c -g -O2 -std=gnu++11  conftest.cpp >&5
configure:15216: $? = 0
configure:15225: result: yes
configure:15324: checking for eigen3
configure:15335: checking for /usr/include/eigen3/Eigen
configure:15349: result: yes
configure:15381: checking Eigen/Dense usability
configure:15381: g++ -c -g -O2 -std=gnu++11  -I/usr/include/eigen3 conftest.cpp >&5
configure:15381: $? = 0
configure:15381: result: yes
configure:15381: checking Eigen/Dense presence
configure:15381: g++ -E  -I/usr/include/eigen3 conftest.cpp
configure:15381: $? = 0
configure:15381: result: yes
configure:15381: checking for Eigen/Dense
configure:15381: result: yes
configure:15416: checking for main in -lgflags
configure:15435: g++ -o conftest -g -O2 -std=gnu++11   conftest.cpp -lgflags   >&5
configure:15435: $? = 0
configure:15444: result: yes
configure:15502: checking for main in -lglog
configure:15521: g++ -o conftest -g -O2 -std=gnu++11   conftest.cpp -lglog   >&5
configure:15521: $? = 0
configure:15530: result: yes
configure:15552: checking gtest/gtest.h usability
configure:15552: g++ -c -g -O2 -std=gnu++11  conftest.cpp >&5
conftest.cpp:58:25: fatal error: gtest/gtest.h: No such file or directory
 #include <gtest/gtest.h>
                         ^
compilation terminated.
configure:15552: $? = 1
configure: failed program was:
| /* confdefs.h */
| #define PACKAGE_NAME "libcmaes"
| #define PACKAGE_TARNAME "libcmaes"
| #define PACKAGE_VERSION "0.9.5"
| #define PACKAGE_STRING "libcmaes 0.9.5"
| #define PACKAGE_BUGREPORT ""
| #define PACKAGE_URL ""
| #define PACKAGE "libcmaes"
| #define VERSION "0.9.5"
| #define STDC_HEADERS 1
| #define HAVE_SYS_TYPES_H 1
| #define HAVE_SYS_STAT_H 1
| #define HAVE_STDLIB_H 1
| #define HAVE_STRING_H 1
| #define HAVE_MEMORY_H 1
| #define HAVE_STRINGS_H 1
| #define HAVE_INTTYPES_H 1
| #define HAVE_STDINT_H 1
| #define HAVE_UNISTD_H 1
| #define HAVE_DLFCN_H 1
| #define LT_OBJDIR ".libs/"
| #define HAVE_LIB_GFLAGS 1
| #define HAVE_LIB_GLOG 1
| /* end confdefs.h.  */
| #include <stdio.h>
| #ifdef HAVE_SYS_TYPES_H
| # include <sys/types.h>
| #endif
| #ifdef HAVE_SYS_STAT_H
| # include <sys/stat.h>
| #endif
| #ifdef STDC_HEADERS
| # include <stdlib.h>
| # include <stddef.h>
| #else
| # ifdef HAVE_STDLIB_H
| #  include <stdlib.h>
| # endif
| #endif
| #ifdef HAVE_STRING_H
| # if !defined STDC_HEADERS && defined HAVE_MEMORY_H
| #  include <memory.h>
| # endif
| # include <string.h>
| #endif
| #ifdef HAVE_STRINGS_H
| # include <strings.h>
| #endif
| #ifdef HAVE_INTTYPES_H
| # include <inttypes.h>
| #endif
| #ifdef HAVE_STDINT_H
| # include <stdint.h>
| #endif
| #ifdef HAVE_UNISTD_H
| # include <unistd.h>
| #endif
| #include <gtest/gtest.h>
configure:15552: result: no
configure:15552: checking gtest/gtest.h presence
configure:15552: g++ -E  conftest.cpp
conftest.cpp:25:25: fatal error: gtest/gtest.h: No such file or directory
 #include <gtest/gtest.h>
                         ^
compilation terminated.
configure:15552: $? = 1
configure: failed program was:
| /* confdefs.h */
| #define PACKAGE_NAME "libcmaes"
| #define PACKAGE_TARNAME "libcmaes"
| #define PACKAGE_VERSION "0.9.5"
| #define PACKAGE_STRING "libcmaes 0.9.5"
| #define PACKAGE_BUGREPORT ""
| #define PACKAGE_URL ""
| #define PACKAGE "libcmaes"
| #define VERSION "0.9.5"
| #define STDC_HEADERS 1
| #define HAVE_SYS_TYPES_H 1
| #define HAVE_SYS_STAT_H 1
| #define HAVE_STDLIB_H 1
| #define HAVE_STRING_H 1
| #define HAVE_MEMORY_H 1
| #define HAVE_STRINGS_H 1
| #define HAVE_INTTYPES_H 1
| #define HAVE_STDINT_H 1
| #define HAVE_UNISTD_H 1
| #define HAVE_DLFCN_H 1
| #define LT_OBJDIR ".libs/"
| #define HAVE_LIB_GFLAGS 1
| #define HAVE_LIB_GLOG 1
| /* end confdefs.h.  */
| #include <gtest/gtest.h>
configure:15552: result: no
configure:15552: checking for gtest/gtest.h
configure:15552: result: no
configure:16265: checking that generated files are newer than configure
configure:16271: result: done
configure:16330: creating ./config.status

## ---------------------- ##
## Running config.status. ##
## ---------------------- ##

This file was extended by libcmaes config.status 0.9.5, which was
generated by GNU Autoconf 2.69.  Invocation command line was

  CONFIG_FILES    = 
  CONFIG_HEADERS  = 
  CONFIG_LINKS    = 
  CONFIG_COMMANDS = 
  $ ./config.status 

on OnsEieRekenaar

config.status:1182: creating libcmaes.pc
config.status:1182: creating Makefile
config.status:1182: creating src/Makefile
config.status:1182: creating tests/Makefile
config.status:1182: creating examples/Makefile
config.status:1182: creating python/Makefile
config.status:1182: creating libcmaes_config.h
config.status:1411: executing depfiles commands
config.status:1411: executing libtool commands

## ---------------- ##
## Cache variables. ##
## ---------------- ##

ac_cv_build=x86_64-unknown-linux-gnu
ac_cv_c_compiler_gnu=yes
ac_cv_cxx_compiler_gnu=yes
ac_cv_env_CCC_set=
ac_cv_env_CCC_value=
ac_cv_env_CC_set=
ac_cv_env_CC_value=
ac_cv_env_CFLAGS_set=
ac_cv_env_CFLAGS_value=
ac_cv_env_CPPFLAGS_set=
ac_cv_env_CPPFLAGS_value=
ac_cv_env_CPP_set=
ac_cv_env_CPP_value=
ac_cv_env_CXXCPP_set=
ac_cv_env_CXXCPP_value=
ac_cv_env_CXXFLAGS_set=
ac_cv_env_CXXFLAGS_value=
ac_cv_env_CXX_set=
ac_cv_env_CXX_value=
ac_cv_env_LDFLAGS_set=
ac_cv_env_LDFLAGS_value=
ac_cv_env_LIBS_set=
ac_cv_env_LIBS_value=
ac_cv_env_PYTHON_VERSION_set=
ac_cv_env_PYTHON_VERSION_value=
ac_cv_env_build_alias_set=
ac_cv_env_build_alias_value=
ac_cv_env_host_alias_set=
ac_cv_env_host_alias_value=
ac_cv_env_target_alias_set=
ac_cv_env_target_alias_value=
ac_cv_file__usr_include_eigen3_Eigen=yes
ac_cv_have_libgflags=1
ac_cv_have_libglog=1
ac_cv_header_Eigen_Dense=yes
ac_cv_header_dlfcn_h=yes
ac_cv_header_gtest_gtest_h=no
ac_cv_header_inttypes_h=yes
ac_cv_header_memory_h=yes
ac_cv_header_stdc=yes
ac_cv_header_stdint_h=yes
ac_cv_header_stdlib_h=yes
ac_cv_header_string_h=yes
ac_cv_header_strings_h=yes
ac_cv_header_sys_stat_h=yes
ac_cv_header_sys_types_h=yes
ac_cv_header_unistd_h=yes
ac_cv_host=x86_64-unknown-linux-gnu
ac_cv_lib_gflags_main=yes
ac_cv_lib_glog_main=yes
ac_cv_objext=o
ac_cv_path_EGREP='/bin/grep -E'
ac_cv_path_FGREP='/bin/grep -F'
ac_cv_path_GREP=/bin/grep
ac_cv_path_SED=/bin/sed
ac_cv_path_install='/usr/bin/install -c'
ac_cv_path_mkdir=/bin/mkdir
ac_cv_prog_AWK=gawk
ac_cv_prog_CPP='g++ -E'
ac_cv_prog_CXXCPP='g++ -E'
ac_cv_prog_ac_ct_AR=ar
ac_cv_prog_ac_ct_CC=g++
ac_cv_prog_ac_ct_CXX=g++
ac_cv_prog_ac_ct_MANIFEST_TOOL=mt
ac_cv_prog_ac_ct_OBJDUMP=objdump
ac_cv_prog_ac_ct_RANLIB=ranlib
ac_cv_prog_ac_ct_STRIP=strip
ac_cv_prog_cc_c89=no
ac_cv_prog_cc_g=yes
ac_cv_prog_cxx_g=yes
ac_cv_prog_make_make_set=yes
am_cv_CC_dependencies_compiler_type=gcc3
am_cv_CXX_dependencies_compiler_type=gcc3
am_cv_make_support_nested_variables=yes
am_cv_prog_cc_c_o=yes
ax_cv_cxx_compile_cxx11=no
ax_cv_cxx_compile_cxx11__std_gnupp11=yes
lt_cv_ar_at_file=@
lt_cv_archive_cmds_need_lc=no
lt_cv_deplibs_check_method=pass_all
lt_cv_file_magic_cmd='$MAGIC_CMD'
lt_cv_file_magic_test_file=
lt_cv_ld_reload_flag=-r
lt_cv_nm_interface='BSD nm'
lt_cv_objdir=.libs
lt_cv_path_LD=/usr/bin/ld
lt_cv_path_LDCXX='/usr/bin/ld -m elf_x86_64'
lt_cv_path_NM='/usr/bin/nm -B'
lt_cv_path_mainfest_tool=no
lt_cv_prog_compiler_c_o=yes
lt_cv_prog_compiler_c_o_CXX=yes
lt_cv_prog_compiler_pic='-fPIC -DPIC'
lt_cv_prog_compiler_pic_CXX='-fPIC -DPIC'
lt_cv_prog_compiler_pic_works=yes
lt_cv_prog_compiler_pic_works_CXX=yes
lt_cv_prog_compiler_rtti_exceptions=yes
lt_cv_prog_compiler_static_works=yes
lt_cv_prog_compiler_static_works_CXX=yes
lt_cv_prog_gnu_ld=yes
lt_cv_prog_gnu_ldcxx=yes
lt_cv_sharedlib_from_linklib_cmd='printf %s\n'
lt_cv_shlibpath_overrides_runpath=no
lt_cv_sys_global_symbol_pipe='sed -n -e '\''s/^.*[	 ]\([ABCDGIRSTW][ABCDGIRSTW]*\)[	 ][	 ]*\([_A-Za-z][_A-Za-z0-9]*\)$/\1 \2 \2/p'\'' | sed '\''/ __gnu_lto/d'\'''
lt_cv_sys_global_symbol_to_c_name_address='sed -n -e '\''s/^: \([^ ]*\)[ ]*$/  {\"\1\", (void *) 0},/p'\'' -e '\''s/^[ABCDGIRSTW]* \([^ ]*\) \([^ ]*\)$/  {"\2", (void *) \&\2},/p'\'''
lt_cv_sys_global_symbol_to_c_name_address_lib_prefix='sed -n -e '\''s/^: \([^ ]*\)[ ]*$/  {\"\1\", (void *) 0},/p'\'' -e '\''s/^[ABCDGIRSTW]* \([^ ]*\) \(lib[^ ]*\)$/  {"\2", (void *) \&\2},/p'\'' -e '\''s/^[ABCDGIRSTW]* \([^ ]*\) \([^ ]*\)$/  {"lib\2", (void *) \&\2},/p'\'''
lt_cv_sys_global_symbol_to_cdecl='sed -n -e '\''s/^T .* \(.*\)$/extern int \1();/p'\'' -e '\''s/^[ABCDGIRSTW]* .* \(.*\)$/extern char \1;/p'\'''
lt_cv_sys_max_cmd_len=1572864
lt_cv_to_host_file_cmd=func_convert_file_noop
lt_cv_to_tool_file_cmd=func_convert_file_noop

## ----------------- ##
## Output variables. ##
## ----------------- ##

ACLOCAL='${SHELL} /home/maggie/qrap/libcmaes/missing aclocal-1.14'
AMDEPBACKSLASH='\'
AMDEP_FALSE='#'
AMDEP_TRUE=''
AMTAR='$${TAR-tar}'
AM_BACKSLASH='\'
AM_DEFAULT_V='$(AM_DEFAULT_VERBOSITY)'
AM_DEFAULT_VERBOSITY='1'
AM_V='$(V)'
AR='ar'
AUTOCONF='${SHELL} /home/maggie/qrap/libcmaes/missing autoconf'
AUTOHEADER='${SHELL} /home/maggie/qrap/libcmaes/missing autoheader'
AUTOMAKE='${SHELL} /home/maggie/qrap/libcmaes/missing automake-1.14'
AWK='gawk'
BOOST_PYTHON_LIB=''
CC='g++'
CCDEPMODE='depmode=gcc3'
CFLAGS='-g -O2'
CPP='g++ -E'
CPPFLAGS=''
CXX='g++'
CXXCPP='g++ -E'
CXXDEPMODE='depmode=gcc3'
CXXFLAGS='-g -O2 -std=gnu++11'
CYGPATH_W='echo'
DEFS='-DHAVE_CONFIG_H'
DEPDIR='.deps'
DLLTOOL='false'
DSYMUTIL=''
DUMPBIN=''
ECHO_C=''
ECHO_N='-n'
ECHO_T=''
EGREP='/bin/grep -E'
EIGEN3_INC='/usr/include/eigen3'
EXEEXT=''
FGREP='/bin/grep -F'
GFLAGS_CFLAGS=''
GFLAGS_LIBS='-lgflags'
GLOG_LIBS='-lglog'
GREP='/bin/grep'
HAVE_BBOB_FALSE=''
HAVE_BBOB_TRUE='#'
HAVE_CLANG_FALSE=''
HAVE_CLANG_TRUE='#'
HAVE_CXX11=''
HAVE_EIGEN3_FALSE='#'
HAVE_EIGEN3_TRUE=''
HAVE_GFLAGS_FALSE='#'
HAVE_GFLAGS_TRUE=''
HAVE_GTEST_FALSE=''
HAVE_GTEST_TRUE='#'
HAVE_ONLYLIB_FALSE=''
HAVE_ONLYLIB_TRUE='#'
HAVE_PYTHON_FALSE=''
HAVE_PYTHON_TRUE='#'
HAVE_SURROG_FALSE='#'
HAVE_SURROG_TRUE=''
INSTALL_DATA='${INSTALL} -m 644'
INSTALL_PROGRAM='${INSTALL}'
INSTALL_SCRIPT='${INSTALL}'
INSTALL_STRIP_PROGRAM='$(install_sh) -c -s'
LD='/usr/bin/ld -m elf_x86_64'
LDFLAGS=''
LIBOBJS=''
LIBS=''
LIBTOOL='$(SHELL) $(top_builddir)/libtool'
LIPO=''
LN_S='ln -s'
LTLIBOBJS=''
MAKEINFO='${SHELL} /home/maggie/qrap/libcmaes/missing makeinfo'
MANIFEST_TOOL=':'
MKDIR_P='/bin/mkdir -p'
NM='/usr/bin/nm -B'
NMEDIT=''
NUMPY_HEADER=''
NUMPY_INCLUDE_DIR=''
OBJDUMP='objdump'
OBJEXT='o'
OTOOL64=''
OTOOL=''
PACKAGE='libcmaes'
PACKAGE_BUGREPORT=''
PACKAGE_NAME='libcmaes'
PACKAGE_STRING='libcmaes 0.9.5'
PACKAGE_TARNAME='libcmaes'
PACKAGE_URL=''
PACKAGE_VERSION='0.9.5'
PATH_SEPARATOR=':'
PYTHON=''
PYTHON_CPPFLAGS=''
PYTHON_EXTRA_LDFLAGS=''
PYTHON_EXTRA_LIBS=''
PYTHON_LDFLAGS=''
PYTHON_SITE_PKG=''
PYTHON_VERSION=''
RANLIB='ranlib'
SED='/bin/sed'
SET_MAKE=''
SHELL='/bin/bash'
STRIP='strip'
VERSION='0.9.5'
ac_ct_AR='ar'
ac_ct_CC='g++'
ac_ct_CXX='g++'
ac_ct_DUMPBIN=''
am__EXEEXT_FALSE=''
am__EXEEXT_TRUE='#'
am__fastdepCC_FALSE='#'
am__fastdepCC_TRUE=''
am__fastdepCXX_FALSE='#'
am__fastdepCXX_TRUE=''
am__include='include'
am__isrc=''
am__leading_dot='.'
am__nodep='_no'
am__quote=''
am__tar='$${TAR-tar} chof - "$$tardir"'
am__untar='$${TAR-tar} xf -'
bindir='${exec_prefix}/bin'
build='x86_64-unknown-linux-gnu'
build_alias=''
build_cpu='x86_64'
build_os='linux-gnu'
build_vendor='unknown'
datadir='${datarootdir}'
datarootdir='${prefix}/share'
docdir='${datarootdir}/doc/${PACKAGE_TARNAME}'
dvidir='${docdir}'
exec_prefix='${prefix}'
host='x86_64-unknown-linux-gnu'
host_alias=''
host_cpu='x86_64'
host_os='linux-gnu'
host_vendor='unknown'
htmldir='${docdir}'
includedir='${prefix}/include'
infodir='${datarootdir}/info'
install_sh='${SHELL} /home/maggie/qrap/libcmaes/install-sh'
libdir='${exec_prefix}/lib'
libexecdir='${exec_prefix}/libexec'
localedir='${datarootdir}/locale'
localstatedir='${prefix}/var'
mandir='${datarootdir}/man'
mkdir_p='$(MKDIR_P)'
oldincludedir='/usr/include'
pdfdir='${docdir}'
prefix='/usr/local'
program_transform_name='s,x,x,'
psdir='${docdir}'
sbindir='${exec_prefix}/sbin'
sharedstatedir='${prefix}/com'
sysconfdir='${prefix}/etc'
target_alias=''

## ----------- ##
## confdefs.h. ##
## ----------- ##

/* confdefs.h */
#define PACKAGE_NAME "libcmaes"
#define PACKAGE_TARNAME "libcmaes"
#define PACKAGE_VERSION "0.9.5"
#define PACKAGE_STRING "libcmaes 0.9.5"
#define PACKAGE_BUGREPORT ""
#define PACKAGE_URL ""
#define PACKAGE "libcmaes"
#define VERSION "0.9.5"
#define STDC_HEADERS 1
#define HAVE_SYS_TYPES_H 1
#define HAVE_SYS_STAT_H 1
#define HAVE_STDLIB_H 1
#define HAVE_STRING_H 1
#define HAVE_MEMORY_H 1
#define HAVE_STRINGS_H 1
#define HAVE_INTTYPES_H 1
#define HAVE_STDINT_H 1
#define HAVE_UNISTD_H 1
#define HAVE_DLFCN_H 1
#define LT_OBJDIR ".libs/"
#define HAVE_LIB_GFLAGS 1
#define HAVE_LIB_GLOG 1
#define HAVE_SURROG 1

configure: exit 0
